<?xml version="1.0" encoding="UTF-8"?>
<!-- Generated by org.testng.reporters.JUnitXMLReporter -->
<testsuite ignored="2" hostname="ASUS-VIVOS15" failures="0" tests="4" name="Surefire test" time="0.079" errors="0" timestamp="2023-12-27T11:11:15 IST">
  <testcase classname="com.Flipkart.ECommerceTest" name="@BeforeClass setUpPages" time="0.03">
    <failure type="java.lang.NullPointerException" message="Cannot invoke &amp;quot;org.openqa.selenium.WebDriver.get(String)&amp;quot; because &amp;quot;this.driver&amp;quot; is null">
      <![CDATA[java.lang.NullPointerException: Cannot invoke "org.openqa.selenium.WebDriver.get(String)" because "this.driver" is null
at com.Flipkart.ECommerceTest.setUpPages(ECommerceTest.java:21)
at java.base/java.util.ArrayList.forEach(ArrayList.java:1511)
... Removed 28 stack frames]]>
    </failure>
  </testcase> <!-- @BeforeClass setUpPages -->
  <testcase classname="com.Flipkart.ECommerceTest" name="verifyFlipkartPresence" time="0.0">
    <skipped/>
  </testcase> <!-- verifyFlipkartPresence -->
  <testcase classname="com.Flipkart.ECommerceTest" name="SearchText" time="0.0">
    <skipped/>
  </testcase> <!-- SearchText -->
  <testcase classname="com.Flipkart.ECommerceTest" name="NavigateResult" time="0.0">
    <skipped/>
  </testcase> <!-- NavigateResult -->
  <testcase classname="com.Flipkart.ECommerceTest" name="clickOnAddToCartAndVerify" time="0.0">
    <skipped/>
  </testcase> <!-- clickOnAddToCartAndVerify -->
  <testcase classname="com.Flipkart.BaseTest" name="@BeforeSuite setUp" time="0.0">
    <ignored/>
  </testcase> <!-- @BeforeSuite setUp -->
  <testcase classname="com.Flipkart.BaseTest" name="@AfterSuite tearDown" time="0.0">
    <ignored/>
  </testcase> <!-- @AfterSuite tearDown -->
</testsuite> <!-- Surefire test -->
