<?xml version="1.0" encoding="UTF-8"?>
<testsuite name="ECommerceTest"
           tests="4"
           failures="0"
           errors="0"
           skipped="0"
           time="32.875">
  <properties />
  
  
            <testcase name="NavigateResult" time="6.516" classname="com.Flipkart.ECommerceTest" />
                <testcase name="SearchText" time="20.932" classname="com.Flipkart.ECommerceTest" />
                <testcase name="clickOnAddToCartAndVerify" time="4.588" classname="com.Flipkart.ECommerceTest" />
                <testcase name="verifyFlipkartPresence" time="0.839" classname="com.Flipkart.ECommerceTest" />
      
</testsuite>
