<?xml version="1.0" encoding="UTF-8"?>
<testng-results ignored="0" total="4" passed="4" failed="0" skipped="0">
  <reporter-output>
  </reporter-output>
  <suite started-at="2023-12-27T11:50:09 IST" name="ECommerceSuite" finished-at="2023-12-27T11:50:45 IST" duration-ms="36769">
    <groups>
    </groups>
    <test started-at="2023-12-27T11:50:09 IST" name="ECommerceTest" finished-at="2023-12-27T11:50:45 IST" duration-ms="36769">
      <class name="com.Flipkart.ECommerceTest">
        <test-method is-config="true" signature="setUp()[pri:0, instance:com.Flipkart.ECommerceTest@415b0b49]" started-at="2023-12-27T11:49:54 IST" name="setUp" finished-at="2023-12-27T11:50:09 IST" duration-ms="14405" status="PASS">
          <reporter-output>
          </reporter-output>
        </test-method> <!-- setUp -->
        <test-method is-config="true" signature="setUpPages()[pri:0, instance:com.Flipkart.ECommerceTest@415b0b49]" started-at="2023-12-27T11:50:09 IST" name="setUpPages" finished-at="2023-12-27T11:50:12 IST" duration-ms="3828" status="PASS">
          <reporter-output>
          </reporter-output>
        </test-method> <!-- setUpPages -->
        <test-method signature="verifyFlipkartPresence()[pri:1, instance:com.Flipkart.ECommerceTest@415b0b49]" started-at="2023-12-27T11:50:12 IST" name="verifyFlipkartPresence" finished-at="2023-12-27T11:50:13 IST" duration-ms="839" status="PASS">
          <reporter-output>
          </reporter-output>
        </test-method> <!-- verifyFlipkartPresence -->
        <test-method signature="SearchText()[pri:2, instance:com.Flipkart.ECommerceTest@415b0b49]" started-at="2023-12-27T11:50:13 IST" name="SearchText" finished-at="2023-12-27T11:50:34 IST" duration-ms="20932" status="PASS">
          <reporter-output>
          </reporter-output>
        </test-method> <!-- SearchText -->
        <test-method signature="NavigateResult()[pri:3, instance:com.Flipkart.ECommerceTest@415b0b49]" started-at="2023-12-27T11:50:34 IST" name="NavigateResult" finished-at="2023-12-27T11:50:41 IST" duration-ms="6516" status="PASS">
          <reporter-output>
          </reporter-output>
        </test-method> <!-- NavigateResult -->
        <test-method signature="clickOnAddToCartAndVerify()[pri:4, instance:com.Flipkart.ECommerceTest@415b0b49]" started-at="2023-12-27T11:50:41 IST" name="clickOnAddToCartAndVerify" finished-at="2023-12-27T11:50:45 IST" duration-ms="4588" status="PASS">
          <reporter-output>
          </reporter-output>
        </test-method> <!-- clickOnAddToCartAndVerify -->
        <test-method is-config="true" signature="tearDown()[pri:0, instance:com.Flipkart.ECommerceTest@415b0b49]" started-at="2023-12-27T11:50:45 IST" name="tearDown" finished-at="2023-12-27T11:50:46 IST" duration-ms="637" status="PASS">
          <reporter-output>
          </reporter-output>
        </test-method> <!-- tearDown -->
      </class> <!-- com.Flipkart.ECommerceTest -->
    </test> <!-- ECommerceTest -->
  </suite> <!-- ECommerceSuite -->
</testng-results>
